producer_class	xtools.gsea.Gsea
producer_timestamp	1592000456270
param	zip_report	false
param	num	100
param	scoring_scheme	weighted
param	norm	meandiv
param	out	C:\Users\NathanGrant\gsea_home\output\jun12
param	mode	Max_probe
param	include_only_symbols	true
param	set_max	500
param	gmx	ftp.broadinstitute.org://pub/gsea/gene_sets/c5.all.v7.1.symbols.gmt
param	plot_top_x	20
param	nperm	1000
param	order	descending
param	rpt_label	my_analysis
param	rnd_seed	timestamp
param	set_min	15
param	res	C:\Users\NathanGrant\Programs\TripodsREU\data\GSEAExpression.txt
param	create_svgs	false
param	cls	C:\Users\NathanGrant\Programs\TripodsREU\data\phenotype_uvm.cls#-1_versus_0
param	sort	real
param	create_gcts	false
param	help	false
param	save_rnd_lists	false
param	median	false
param	metric	Signal2Noise
param	make_sets	true
param	rnd_type	no_balance
param	gui	false
param	permute	phenotype
param	collapse	No_Collapse

file	C:\Users\NathanGrant\gsea_home\output\jun12\my_analysis.Gsea.1592000456270\index.html
